Drill Listing
=============
Drill: .01181  Tool: 1  Feed: 95  Speed: 300
X 961417  Y 902362
X 961023  Y 905118
X 963385  Y 911417
X 947440  Y 912401
X 961417  Y 913582
X 947440  Y 915157
X 947440  Y 917913
X 964566  Y 925590
X 960629  Y 927165
X 964173  Y 929527
X 943897  Y 929724
X 941141  Y 929724
X 943897  Y 932480
X 941141  Y 932480
X 960236  Y 933070
X 962992  Y 934251
X 941141  Y 935236
X 943897  Y 935236
X 962598  Y 938976
X 959842  Y 938976
X 944488  Y 953149
X 944488  Y 955905
X 939763  Y 958661
X 959055  Y 959055
X 955118  Y 959055
X 951181  Y 959055
X 962992  Y 959055
X 939763  Y 961811
X 955118  Y 962598
X 951181  Y 962598
X 953149  Y 966141
X 953149  Y 970078
X 953149  Y 973622
X 953149  Y 977165
X 949212  Y 986614
X 948818  Y 994094
X 946062  Y 994094
X 949606  Y 996850
X 949606  Y 1000000
X 949606  Y 1003543
X 952755  Y 1007086
X 955905  Y 1007086
X 949606  Y 1007086
X 955905  Y 1009842
X 952755  Y 1009842
X 949606  Y 1009842
X 954527  Y 1012598
X 946850  Y 1013385
X 946850  Y 1016535
X 943700  Y 1019685
X 948031  Y 1019685
X 946062  Y 1021653
X 941732  Y 1021653
X 951574  Y 1035433
X 955118  Y 1035433
X 958661  Y 1035433
X 962204  Y 1035433
X 941732  Y 1038582
X 945275  Y 1038582
X 948818  Y 1038582
X 952362  Y 1038582
X 962992  Y 1038582
X 959448  Y 1038582
X 955905  Y 1038582
X 966929  Y 1038582
X 970866  Y 1038582
X 974015  Y 1038582
X 987401  Y 1038582
X 984251  Y 1038582
X 981102  Y 1038582
X 965748  Y 1035433
X 989370  Y 1032677
X 973425  Y 1009251
X 979724  Y 1003149
X 985039  Y 999606
X 987795  Y 999606
X 974409  Y 992913
X 976377  Y 988582
X 976377  Y 985826
X 979133  Y 984645
X 976377  Y 983070
X 976377  Y 980314
X 974015  Y 977952
X 986220  Y 975984
X 971653  Y 975590
X 988582  Y 974409
X 979527  Y 973622
X 976771  Y 973622
X 973622  Y 973622
X 984645  Y 973622
X 969685  Y 973228
X 987007  Y 972047
X 978346  Y 970866
X 974803  Y 970866
X 971653  Y 970866
X 984251  Y 970866
X 968897  Y 964960
X 971653  Y 964960
X 965748  Y 961811
X 969291  Y 961811
X 967322  Y 959055
X 977165  Y 958661
X 982283  Y 958661
X 977165  Y 954724
X 982283  Y 954724
X 982283  Y 951574
X 988976  Y 950393
X 985039  Y 950393
X 983464  Y 948031
X 987007  Y 947637
X 983267  Y 945078
X 988188  Y 944881
X 985236  Y 943110
X 965354  Y 938976
X 985629  Y 936220
X 968897  Y 936220
X 983070  Y 935236
X 985039  Y 933267
X 965354  Y 932283
X 983070  Y 931299
X 973622  Y 916141
X 976771  Y 913385
X 973622  Y 912204
X 976771  Y 909055
X 988976  Y 908267
X 985433  Y 908267
X 973622  Y 907874
X 987007  Y 905511
X 982677  Y 905118
X 970669  Y 904921
X 976771  Y 904330
X 973622  Y 903149
X 976771  Y 900000
X 973622  Y 898425
X 976771  Y 895669
X 973228  Y 887401
X 987007  Y 882283
X 973228  Y 879527
X 977165  Y 879527
X 986220  Y 878740
X 973228  Y 873228
X 977165  Y 873228
X 988976  Y 867716
X 977165  Y 866929
X 973228  Y 866929
X 988976  Y 863779
X 973228  Y 860629
X 977165  Y 857480
X 985826  Y 855118
X 975590  Y 849212
X 987401  Y 843307
X 1007480  Y 843307
X 1001181  Y 843307
X 994488  Y 843307
X 1011023  Y 847637
X 1008267  Y 852362
X 991338  Y 855118
X 999606  Y 863385
X 1009055  Y 863385
X 999606  Y 867716
X 1009055  Y 867716
X 1002362  Y 876377
X 996850  Y 876377
X 990551  Y 878740
X 1012204  Y 878740
X 1007874  Y 878740
X 1013385  Y 882677
X 1006692  Y 913385
X 1006889  Y 925196
X 1000787  Y 925196
X 1003937  Y 925196
X 994881  Y 927362
X 989763  Y 929527
X 992519  Y 929527
X 996456  Y 933267
X 1001968  Y 935433
X 996259  Y 937401
X 999606  Y 937598
X 990944  Y 937795
X 994094  Y 940157
X 998031  Y 940157
X 1004330  Y 942125
X 994094  Y 944094
X 991141  Y 944094
X 1002362  Y 944488
X 1004724  Y 946062
X 994094  Y 946850
X 990944  Y 947637
X 1002362  Y 947637
X 1007086  Y 948818
X 1002362  Y 950787
X 1005118  Y 950787
X 992125  Y 950787
X 1009842  Y 954133
X 1011417  Y 956496
X 1009842  Y 959055
X 1001968  Y 960629
X 1004330  Y 962598
X 990157  Y 962992
X 1006692  Y 964763
X 991338  Y 970078
X 1006102  Y 972834
X 1008070  Y 974803
X 991338  Y 975984
X 1009842  Y 979921
X 1003149  Y 979921
X 1006299  Y 979921
X 1012204  Y 981496
X 1009251  Y 982677
X 1006299  Y 982677
X 1003149  Y 982677
X 999212  Y 984251
X 1004724  Y 985433
X 1001968  Y 985433
X 1007480  Y 985433
X 1012204  Y 987795
X 1010629  Y 990354
X 998818  Y 991338
X 1003543  Y 991338
X 996062  Y 992125
X 993307  Y 992125
X 1012204  Y 993110
X 1000787  Y 993700
X 1003543  Y 994881
X 996062  Y 995275
X 993307  Y 995275
X 1010629  Y 995866
X 1012204  Y 998228
X 990551  Y 999606
X 1010433  Y 1000787
X 995275  Y 1003937
X 1013976  Y 1005314
X 1008661  Y 1007480
X 992322  Y 1008858
X 1004527  Y 1011417
X 1000196  Y 1012598
X 995275  Y 1013385
X 999606  Y 1022834
X 995078  Y 1025196
X 998622  Y 1026968
X 1010826  Y 1027165
X 995078  Y 1028346
X 1011023  Y 1030118
X 998622  Y 1030314
X 995078  Y 1031299
X 1011023  Y 1033070
X 999015  Y 1033661
X 995669  Y 1034448
X 992519  Y 1035039
X 1003346  Y 1035236
X 1011023  Y 1035826
X 1003346  Y 1038188
X 1010629  Y 1038582
X 1000000  Y 1038582
X 1014173  Y 1038582
X 993700  Y 1038582
X 990551  Y 1038582
X 996850  Y 1038582
X 1010629  Y 1041732
X 1014173  Y 1041732
X 1017322  Y 1041732
X 1020472  Y 1041732
X 1023622  Y 1041732
X 1027165  Y 1041732
X 1030708  Y 1041732
X 1034251  Y 1041732
X 1038188  Y 1041732
X 1017322  Y 1038582
X 1025590  Y 1038188
X 1016338  Y 1020078
X 1022440  Y 1019291
X 1019685  Y 1019291
X 1025590  Y 1019291
X 1029133  Y 1013582
X 1032283  Y 1013188
X 1014960  Y 1012598
X 1017913  Y 1012401
X 1020866  Y 1012401
X 1030905  Y 1010629
X 1019291  Y 1010039
X 1015157  Y 1009842
X 1016338  Y 1006889
X 1026574  Y 998425
X 1039370  Y 996062
X 1025196  Y 995866
X 1022244  Y 995866
X 1021259  Y 970669
X 1027952  Y 970078
X 1037204  Y 969488
X 1034251  Y 969488
X 1031299  Y 969488
X 1019094  Y 968897
X 1021653  Y 967519
X 1030511  Y 966732
X 1036023  Y 966732
X 1033267  Y 966732
X 1016535  Y 966535
X 1019488  Y 965354
X 1030511  Y 963976
X 1036023  Y 963976
X 1033267  Y 963976
X 1025393  Y 963779
X 1023228  Y 961417
X 1020275  Y 960433
X 1019685  Y 950393
X 1035433  Y 949212
X 1021259  Y 947637
X 1035433  Y 945472
X 1029527  Y 938976
X 1035433  Y 938976
X 1035433  Y 935039
X 1029527  Y 935039
X 1035433  Y 930314
X 1035433  Y 925196
X 1017716  Y 920472
X 1037795  Y 902755
X 1020866  Y 902362
X 1026771  Y 902362
X 1036220  Y 898031
X 1020866  Y 896850
X 1026771  Y 893700
X 1020866  Y 891338
X 1036220  Y 891338
X 1026771  Y 889370
X 1020866  Y 885826
X 1036220  Y 885039
X 1026771  Y 881102
X 1021259  Y 878346
X 1026771  Y 875590
X 1017322  Y 873228
X 1030708  Y 872440
X 1022440  Y 871259
X 1017322  Y 870472
X 1027559  Y 868897
X 1024409  Y 865354
X 1016929  Y 864960
X 1020866  Y 861417
X 1017322  Y 857086
X 1015354  Y 852362
X 1040157  Y 881496
X 1045669  Y 887401
X 1040944  Y 887795
X 1050393  Y 893307
X 1044488  Y 893700
X 1054133  Y 898031
X 1048622  Y 898228
X 1042519  Y 898425
X 1056299  Y 902755
X 1051574  Y 902755
X 1046062  Y 902755
X 1060629  Y 906692
X 1057874  Y 909842
X 1049606  Y 920472
X 1046062  Y 920472
X 1051574  Y 922834
X 1047244  Y 925196
X 1040551  Y 925196
X 1040551  Y 930314
X 1046456  Y 931496
X 1040551  Y 935039
X 1044094  Y 935433
X 1050393  Y 938188
X 1053149  Y 938188
X 1046456  Y 938582
X 1040551  Y 938976
X 1051574  Y 944094
X 1047637  Y 945275
X 1040748  Y 945472
X 1040944  Y 949212
X 1048622  Y 964173
X 1048622  Y 966929
X 1055118  Y 968307
X 1051771  Y 968307
X 1058267  Y 968307
X 1040157  Y 969488
X 1048622  Y 969881
X 1053543  Y 970669
X 1056692  Y 970669
X 1047834  Y 972834
X 1056102  Y 975393
X 1057086  Y 978346
X 1057086  Y 981496
X 1057086  Y 984448
X 1057086  Y 987598
X 1046456  Y 987992
X 1049212  Y 988582
X 1057086  Y 990551
X 1046456  Y 990748
X 1057086  Y 993503
X 1046456  Y 993503
X 1050393  Y 994488
X 1057086  Y 996456
X 1057086  Y 999409
X 1057086  Y 1002362
X 1057086  Y 1005314
X 1057086  Y 1008267
X 1057086  Y 1011023
X 1057086  Y 1013779
X 1053543  Y 1015157
X 1051181  Y 1016732
X 1053149  Y 1018897
X 1057480  Y 1018897
X 1061220  Y 1020275
X 1051968  Y 1021653
X 1061220  Y 1023031
X 1061220  Y 1025787
X 1043307  Y 1026377
X 1061220  Y 1028543
X 1043307  Y 1029133
X 1061220  Y 1031496
X 1043307  Y 1031889
X 1061220  Y 1034645
X 1043307  Y 1035433
X 1061220  Y 1037598
X 1040157  Y 1039763
X 1051968  Y 1039763
X 1044094  Y 1039763
X 1055905  Y 1039763
X 1048031  Y 1039763
X 1042125  Y 1041732
X 1053937  Y 1041732
X 1050000  Y 1041732
X 1046062  Y 1041732

Drill: .01969  Tool: 2  Feed: 95  Speed: 300
X 970078  Y 1020472
X 977559  Y 1021456
X 963779  Y 1025196
X 1002362  Y 1031496
X 1024212  Y 1016141
X 1015748  Y 1016141
X 1037007  Y 992125
X 1032086  Y 992125
X 1041929  Y 992125
X 1037007  Y 988188
X 1032086  Y 988188
X 1041929  Y 988188

End of Listing
