


ARM Macro Assembler    Page 1 


    1 00000000         ;/******************************************************
                       ***********************
    2 00000000         ; * @file:    startup_CMSDK_M0.s
    3 00000000         ; * @description: CMSIS Cortex-M0 Core Device Startup Fi
                       le 
    4 00000000         ; *           for the ME32F030 Device Series ARM CC comp
                       iler only
    5 00000000         ; * @version: V1.0
    6 00000000         ; * @date:    2017/08/08
    7 00000000         ; *-----------------------------------------------------
                       ------------------------
    8 00000000         ;
    9 00000000         ;/******************************************************
                       ***********************/
   10 00000000         ;/* Startup.s: Startup file for ARM Cortex-M0 Device Fam
                       ily                   */
   11 00000000         ;/******************************************************
                       ***********************/
   12 00000000         
   13 00000000         
   14 00000000         ;// <h> Stack Configuration
   15 00000000         ;//   <o> Stack Size (in Bytes) <0x0-0xFFFFFFFF:8>
   16 00000000         ;// </h>
   17 00000000         
   18 00000000 00000200 
                       Stack_Size
                               EQU              0x00000200
   19 00000000         
   20 00000000                 AREA             STACK, NOINIT, READWRITE, ALIGN
=3
   21 00000000         Stack_Mem
                               SPACE            Stack_Size
   22 00000200         __initial_sp
   23 00000200         
   24 00000200         
   25 00000200         ;// <h> Heap Configuration
   26 00000200         ;//   <o>  Heap Size (in Bytes) <0x0-0xFFFFFFFF:8>
   27 00000200         ;// </h>
   28 00000200         
   29 00000200 00000100 
                       Heap_Size
                               EQU              0x00000100
   30 00000200         
   31 00000200                 AREA             HEAP, NOINIT, READWRITE, ALIGN=
3
   32 00000000         __heap_base
   33 00000000         Heap_Mem
                               SPACE            Heap_Size
   34 00000100         __heap_limit
   35 00000100         
   36 00000100         
   37 00000100                 PRESERVE8
   38 00000100                 THUMB
   39 00000100         
   40 00000100         
   41 00000100         ; Vector Table Mapped to Address 0 at Reset
   42 00000100         
   43 00000100                 AREA             RESET, DATA, READONLY
   44 00000000                 EXPORT           __Vectors



ARM Macro Assembler    Page 2 


   45 00000000                 EXPORT           __Vectors_End
   46 00000000                 EXPORT           __Vectors_Size
   47 00000000         
   48 00000000 00000000 
                       __Vectors
                               DCD              __initial_sp ; Top of Stack
   49 00000004 00000000        DCD              Reset_Handler ; Reset Handler
   50 00000008 00000000        DCD              NMI_Handler ; NMI Handler
   51 0000000C 00000000        DCD              HardFault_Handler ; Hard Fault 
                                                            Handler
   52 00000010 00000000        DCD              0           ; Reserved
   53 00000014 00000000        DCD              0           ; Reserved
   54 00000018 00000000        DCD              0           ; Reserved
   55 0000001C 00000000        DCD              0           ; Reserved
   56 00000020 00000000        DCD              0           ; Reserved
   57 00000024 00000000        DCD              0           ; Reserved
   58 00000028 00000000        DCD              0           ; Reserved
   59 0000002C 00000000        DCD              SVC_Handler ; SVCall Handler
   60 00000030 00000000        DCD              0           ; Reserved
   61 00000034 00000000        DCD              0           ; Reserved
   62 00000038 00000000        DCD              PendSV_Handler ; PendSV Handler
                                                            
   63 0000003C 00000000        DCD              SysTick_Handler 
                                                            ; SysTick Handler
   64 00000040         ; External Interrupts
   65 00000040 00000000        DCD              0           ; 16+ 0: Wake
   66 00000044 00000000        DCD              PMWFAULT_IRQHandler ; 16+ 1: PW
                                                            M Fault interrupt H
                                                            andler
   67 00000048 00000000        DCD              I2C_IRQHandler ; 16+ 2: I2C int
                                                            errupt Handler
   68 0000004C 00000000        DCD              TIM0_IRQHandler ; 16+3, 16-bit 
                                                            Timer0 Interrupt Ha
                                                            ndler 
   69 00000050 00000000        DCD              TIM1_IRQHandler ; 16+4, 16-bit 
                                                            Timer1 Interrupt Ha
                                                            ndler
   70 00000054 00000000        DCD              TIM6_IRQHandler ; 16+5,  16-bit
                                                             Timer6 Interrupt H
                                                            andler
   71 00000058 00000000        DCD              TIM7_IRQHandler ; 16+6,  16-bit
                                                             Timer7 Interrupt H
                                                            andler
   72 0000005C 00000000        DCD              UART0_IRQHandler ; 16+7,  UART0
                                                             Interrupt Handler 
                                                              
   73 00000060 00000000        DCD              UART1_IRQHandler ; 16+8,  UART1
                                                             Interrupt Handler 
                                                               
   74 00000064 00000000        DCD              ADC_IRQHandler ; 16+9,  A/D Con
                                                            verter Interrupt Ha
                                                            ndler
   75 00000068 00000000        DCD              WDT_IRQHandler ; 16+10,  Watchd
                                                            og timer Interrupt 
                                                            Handler   
   76 0000006C 00000000        DCD              BOD_IRQHandler ; 16+11, Brown O
                                                            ut Detect(BOD) Inte
                                                            rrupt Handler
   77 00000070 00000000        DCD              PA_IRQHandler ; 16+12, External



ARM Macro Assembler    Page 3 


                                                             Interrupt GPIO por
                                                            t A Interrupt Handl
                                                            er
   78 00000074 00000000        DCD              PB_IRQHandler ; 16+13, External
                                                             Interrupt GPIO por
                                                            t B Interrupt Handl
                                                            er
   79 00000078 00000000        DCD              PC_IRQHandler ; 16+14, External
                                                             Interrupt GPIO por
                                                            t C Interrupt Handl
                                                            er
   80 0000007C 00000000        DCD              0           ; 16+15,           
                                                            
   81 00000080 00000000        DCD              SPI_IRQHandler ; 16+16, SPI Int
                                                            errupt Handler     
                                                                  
   82 00000084 00000000        DCD              PWM_IRQHandler ; 16+17, PWM Tim
                                                            er Interrupt Handle
                                                            r 
   83 00000088 00000000        DCD              TOUCH_IRQHandler ; 16+18: Cap t
                                                            ouch sense Handler 
                                                                           
   84 0000008C 00000000        DCD              PD_IRQHandler ; 16+19: External
                                                             Interrupt GPIO por
                                                            t D Interrupt Handl
                                                            er
   85 00000090 00000000        DCD              0           ; 16+20: Reserved  
                                                                        
   86 00000094 00000000        DCD              0           ; 16+21: Reserved
   87 00000098 00000000        DCD              TIM2_IRQHandler ; 16+22: 16-bit
                                                             Timer2 Interrupt H
                                                            andler             
                                                               
   88 0000009C 00000000        DCD              TIM3_IRQHandler ; 16+23: 16-bit
                                                             Timer3 Interrupt H
                                                            andler
   89 000000A0 00000000        DCD              0           ; 16+24: Reserved
   90 000000A4 00000000        DCD              0           ; 16+25: Reserved
   91 000000A8 00000000        DCD              0           ; 16+26: Reserved
   92 000000AC 00000000        DCD              0           ; 16+27: Reserved
   93 000000B0 00000000        DCD              0           ; 16+28: Reserved
   94 000000B4 00000000        DCD              0           ; 16+29: Reserved
   95 000000B8 00000000        DCD              0           ; 16+30: Reserved
   96 000000BC 00000000        DCD              0           ; 16+31: Reserved  
                                                             
   97 000000C0         
   98 000000C0         __Vectors_End
   99 000000C0         
  100 000000C0 000000C0 
                       __Vectors_Size
                               EQU              __Vectors_End - __Vectors
  101 000000C0                 AREA             |.text|, CODE, READONLY
  102 00000000         
  103 00000000         ; Reset Handler
  104 00000000         
  105 00000000         Reset_Handler
                               PROC
  106 00000000                 EXPORT           Reset_Handler             [WEAK
]



ARM Macro Assembler    Page 4 


  107 00000000                 IMPORT           __main
  108 00000000 4806            LDR              R0, =__main
  109 00000002 4700            BX               R0
  110 00000004                 ENDP
  111 00000004         
  112 00000004         ; Dummy Exception Handlers (infinite loops which can be 
                       modified)
  113 00000004         
  114 00000004         NMI_Handler
                               PROC
  115 00000004                 EXPORT           NMI_Handler               [WEAK
]
  116 00000004 E7FE            B                .
  117 00000006                 ENDP
  118 00000006         HardFault_Handler
                               PROC
  119 00000006                 EXPORT           HardFault_Handler         [WEAK
]
  120 00000006 E7FE            B                .
  121 00000008                 ENDP
  122 00000008         SVC_Handler
                               PROC
  123 00000008                 EXPORT           SVC_Handler               [WEAK
]
  124 00000008 E7FE            B                .
  125 0000000A                 ENDP
  126 0000000A         PendSV_Handler
                               PROC
  127 0000000A                 EXPORT           PendSV_Handler            [WEAK
]
  128 0000000A E7FE            B                .
  129 0000000C                 ENDP
  130 0000000C         SysTick_Handler
                               PROC
  131 0000000C                 EXPORT           SysTick_Handler            [WEA
K]
  132 0000000C E7FE            B                .
  133 0000000E                 ENDP
  134 0000000E         Default_Handler
                               PROC
  135 0000000E                 EXPORT           NMI_Handler               [WEAK
]
  136 0000000E                 EXPORT           PMWFAULT_IRQHandler           [
WEAK]
  137 0000000E                 EXPORT           I2C_IRQHandler           [WEAK]
  138 0000000E                 EXPORT           TIM0_IRQHandler      [WEAK]
  139 0000000E                 EXPORT           TIM1_IRQHandler      [WEAK]
  140 0000000E                 EXPORT           TIM6_IRQHandler      [WEAK]
  141 0000000E                 EXPORT           TIM7_IRQHandler      [WEAK]
  142 0000000E                 EXPORT           UART0_IRQHandler          [WEAK
]
  143 0000000E                 EXPORT           UART1_IRQHandler          [WEAK
]
  144 0000000E                 EXPORT           ADC_IRQHandler           [WEAK]
  145 0000000E                 EXPORT           WDT_IRQHandler            [WEAK
]
  146 0000000E                 EXPORT           BOD_IRQHandler            [WEAK
]
  147 0000000E                 EXPORT           PA_IRQHandler          [WEAK]



ARM Macro Assembler    Page 5 


  148 0000000E                 EXPORT           PB_IRQHandler          [WEAK]
  149 0000000E                 EXPORT           PC_IRQHandler          [WEAK]
  150 0000000E                 EXPORT           SPI_IRQHandler            [WEAK
]
  151 0000000E                 EXPORT           PWM_IRQHandler            [WEAK
]
  152 0000000E                 EXPORT           TOUCH_IRQHandler            [WE
AK]
  153 0000000E                 EXPORT           PD_IRQHandler            [WEAK]
  154 0000000E                 EXPORT           TIM2_IRQHandler      [WEAK]
  155 0000000E                 EXPORT           TIM3_IRQHandler      [WEAK]
  156 0000000E         
  157 0000000E         
  158 0000000E         PMWFAULT_IRQHandler
  159 0000000E         I2C_IRQHandler
  160 0000000E         TIM0_IRQHandler
  161 0000000E         TIM1_IRQHandler
  162 0000000E         TIM6_IRQHandler
  163 0000000E         TIM7_IRQHandler
  164 0000000E         UART0_IRQHandler
  165 0000000E         UART1_IRQHandler
  166 0000000E         ADC_IRQHandler
  167 0000000E         WDT_IRQHandler
  168 0000000E         BOD_IRQHandler
  169 0000000E         PA_IRQHandler
  170 0000000E         PB_IRQHandler
  171 0000000E         PC_IRQHandler
  172 0000000E         SPI_IRQHandler
  173 0000000E         PWM_IRQHandler
  174 0000000E         TOUCH_IRQHandler
  175 0000000E         PD_IRQHandler
  176 0000000E         TIM2_IRQHandler
  177 0000000E         TIM3_IRQHandler
  178 0000000E         
  179 0000000E E7FE            B                .
  180 00000010                 ENDP
  181 00000010         
  182 00000010                 ALIGN
  183 00000010         
  184 00000010         ; User Initial Stack & Heap
  185 00000010         
  186 00000010                 IF               :DEF:__MICROLIB
  193 00000010         
  194 00000010                 IMPORT           __use_two_region_memory
  195 00000010                 EXPORT           __user_initial_stackheap
  196 00000010         __user_initial_stackheap
  197 00000010         
  198 00000010 4803            LDR              R0, =  Heap_Mem
  199 00000012 4904            LDR              R1, =(Stack_Mem + Stack_Size)
  200 00000014 4A04            LDR              R2, = (Heap_Mem +  Heap_Size)
  201 00000016 4B05            LDR              R3, = Stack_Mem
  202 00000018 4770            BX               LR
  203 0000001A         
  204 0000001A 00 00           ALIGN
  205 0000001C         
  206 0000001C                 ENDIF
  207 0000001C         
  208 0000001C                 END
              00000000 



ARM Macro Assembler    Page 6 


              00000000 
              00000200 
              00000100 
              00000000 
Command Line: --debug --xref --diag_suppress=9931 --cpu=Cortex-M0 --apcs=interw
ork --depend=.\myapp\obj\startup_cmsdk_cm0.d -o.\myapp\obj\startup_cmsdk_cm0.o 
-I.\RTE\_Target_1 -IC:\Keil_v5\ARM\PACK\Mesilicon\ME32\1.4.0\Device\Include -IC
:\Keil_v5\ARM\CMSIS\Include -IC:\Keil_v5\ARM\PACK\Mesilicon\ME32\1.4.0 --predef
ine="__UVISION_VERSION SETA 526" --list=.\myapp\lst\startup_cmsdk_cm0.lst commo
n\DeviceSupport\arm\cmsdk\Startup\arm\startup_CMSDK_CM0.s



ARM Macro Assembler    Page 1 Alphabetic symbol ordering
Relocatable symbols

STACK 00000000

Symbol: STACK
   Definitions
      At line 20 in file common\DeviceSupport\arm\cmsdk\Startup\arm\startup_CMS
DK_CM0.s
   Uses
      None
Comment: STACK unused
Stack_Mem 00000000

Symbol: Stack_Mem
   Definitions
      At line 21 in file common\DeviceSupport\arm\cmsdk\Startup\arm\startup_CMS
DK_CM0.s
   Uses
      At line 199 in file common\DeviceSupport\arm\cmsdk\Startup\arm\startup_CM
SDK_CM0.s
      At line 201 in file common\DeviceSupport\arm\cmsdk\Startup\arm\startup_CM
SDK_CM0.s

__initial_sp 00000200

Symbol: __initial_sp
   Definitions
      At line 22 in file common\DeviceSupport\arm\cmsdk\Startup\arm\startup_CMS
DK_CM0.s
   Uses
      At line 48 in file common\DeviceSupport\arm\cmsdk\Startup\arm\startup_CMS
DK_CM0.s
Comment: __initial_sp used once
3 symbols



ARM Macro Assembler    Page 1 Alphabetic symbol ordering
Relocatable symbols

HEAP 00000000

Symbol: HEAP
   Definitions
      At line 31 in file common\DeviceSupport\arm\cmsdk\Startup\arm\startup_CMS
DK_CM0.s
   Uses
      None
Comment: HEAP unused
Heap_Mem 00000000

Symbol: Heap_Mem
   Definitions
      At line 33 in file common\DeviceSupport\arm\cmsdk\Startup\arm\startup_CMS
DK_CM0.s
   Uses
      At line 198 in file common\DeviceSupport\arm\cmsdk\Startup\arm\startup_CM
SDK_CM0.s
      At line 200 in file common\DeviceSupport\arm\cmsdk\Startup\arm\startup_CM
SDK_CM0.s

__heap_base 00000000

Symbol: __heap_base
   Definitions
      At line 32 in file common\DeviceSupport\arm\cmsdk\Startup\arm\startup_CMS
DK_CM0.s
   Uses
      None
Comment: __heap_base unused
__heap_limit 00000100

Symbol: __heap_limit
   Definitions
      At line 34 in file common\DeviceSupport\arm\cmsdk\Startup\arm\startup_CMS
DK_CM0.s
   Uses
      None
Comment: __heap_limit unused
4 symbols



ARM Macro Assembler    Page 1 Alphabetic symbol ordering
Relocatable symbols

RESET 00000000

Symbol: RESET
   Definitions
      At line 43 in file common\DeviceSupport\arm\cmsdk\Startup\arm\startup_CMS
DK_CM0.s
   Uses
      None
Comment: RESET unused
__Vectors 00000000

Symbol: __Vectors
   Definitions
      At line 48 in file common\DeviceSupport\arm\cmsdk\Startup\arm\startup_CMS
DK_CM0.s
   Uses
      At line 44 in file common\DeviceSupport\arm\cmsdk\Startup\arm\startup_CMS
DK_CM0.s
      At line 100 in file common\DeviceSupport\arm\cmsdk\Startup\arm\startup_CM
SDK_CM0.s

__Vectors_End 000000C0

Symbol: __Vectors_End
   Definitions
      At line 98 in file common\DeviceSupport\arm\cmsdk\Startup\arm\startup_CMS
DK_CM0.s
   Uses
      At line 45 in file common\DeviceSupport\arm\cmsdk\Startup\arm\startup_CMS
DK_CM0.s
      At line 100 in file common\DeviceSupport\arm\cmsdk\Startup\arm\startup_CM
SDK_CM0.s

3 symbols



ARM Macro Assembler    Page 1 Alphabetic symbol ordering
Relocatable symbols

.text 00000000

Symbol: .text
   Definitions
      At line 101 in file common\DeviceSupport\arm\cmsdk\Startup\arm\startup_CM
SDK_CM0.s
   Uses
      None
Comment: .text unused
ADC_IRQHandler 0000000E

Symbol: ADC_IRQHandler
   Definitions
      At line 166 in file common\DeviceSupport\arm\cmsdk\Startup\arm\startup_CM
SDK_CM0.s
   Uses
      At line 74 in file common\DeviceSupport\arm\cmsdk\Startup\arm\startup_CMS
DK_CM0.s
      At line 144 in file common\DeviceSupport\arm\cmsdk\Startup\arm\startup_CM
SDK_CM0.s

BOD_IRQHandler 0000000E

Symbol: BOD_IRQHandler
   Definitions
      At line 168 in file common\DeviceSupport\arm\cmsdk\Startup\arm\startup_CM
SDK_CM0.s
   Uses
      At line 76 in file common\DeviceSupport\arm\cmsdk\Startup\arm\startup_CMS
DK_CM0.s
      At line 146 in file common\DeviceSupport\arm\cmsdk\Startup\arm\startup_CM
SDK_CM0.s

Default_Handler 0000000E

Symbol: Default_Handler
   Definitions
      At line 134 in file common\DeviceSupport\arm\cmsdk\Startup\arm\startup_CM
SDK_CM0.s
   Uses
      None
Comment: Default_Handler unused
HardFault_Handler 00000006

Symbol: HardFault_Handler
   Definitions
      At line 118 in file common\DeviceSupport\arm\cmsdk\Startup\arm\startup_CM
SDK_CM0.s
   Uses
      At line 51 in file common\DeviceSupport\arm\cmsdk\Startup\arm\startup_CMS
DK_CM0.s
      At line 119 in file common\DeviceSupport\arm\cmsdk\Startup\arm\startup_CM
SDK_CM0.s

I2C_IRQHandler 0000000E

Symbol: I2C_IRQHandler
   Definitions
      At line 159 in file common\DeviceSupport\arm\cmsdk\Startup\arm\startup_CM



ARM Macro Assembler    Page 2 Alphabetic symbol ordering
Relocatable symbols

SDK_CM0.s
   Uses
      At line 67 in file common\DeviceSupport\arm\cmsdk\Startup\arm\startup_CMS
DK_CM0.s
      At line 137 in file common\DeviceSupport\arm\cmsdk\Startup\arm\startup_CM
SDK_CM0.s

NMI_Handler 00000004

Symbol: NMI_Handler
   Definitions
      At line 114 in file common\DeviceSupport\arm\cmsdk\Startup\arm\startup_CM
SDK_CM0.s
   Uses
      At line 50 in file common\DeviceSupport\arm\cmsdk\Startup\arm\startup_CMS
DK_CM0.s
      At line 115 in file common\DeviceSupport\arm\cmsdk\Startup\arm\startup_CM
SDK_CM0.s
      At line 135 in file common\DeviceSupport\arm\cmsdk\Startup\arm\startup_CM
SDK_CM0.s

PA_IRQHandler 0000000E

Symbol: PA_IRQHandler
   Definitions
      At line 169 in file common\DeviceSupport\arm\cmsdk\Startup\arm\startup_CM
SDK_CM0.s
   Uses
      At line 77 in file common\DeviceSupport\arm\cmsdk\Startup\arm\startup_CMS
DK_CM0.s
      At line 147 in file common\DeviceSupport\arm\cmsdk\Startup\arm\startup_CM
SDK_CM0.s

PB_IRQHandler 0000000E

Symbol: PB_IRQHandler
   Definitions
      At line 170 in file common\DeviceSupport\arm\cmsdk\Startup\arm\startup_CM
SDK_CM0.s
   Uses
      At line 78 in file common\DeviceSupport\arm\cmsdk\Startup\arm\startup_CMS
DK_CM0.s
      At line 148 in file common\DeviceSupport\arm\cmsdk\Startup\arm\startup_CM
SDK_CM0.s

PC_IRQHandler 0000000E

Symbol: PC_IRQHandler
   Definitions
      At line 171 in file common\DeviceSupport\arm\cmsdk\Startup\arm\startup_CM
SDK_CM0.s
   Uses
      At line 79 in file common\DeviceSupport\arm\cmsdk\Startup\arm\startup_CMS
DK_CM0.s
      At line 149 in file common\DeviceSupport\arm\cmsdk\Startup\arm\startup_CM
SDK_CM0.s

PD_IRQHandler 0000000E




ARM Macro Assembler    Page 3 Alphabetic symbol ordering
Relocatable symbols

Symbol: PD_IRQHandler
   Definitions
      At line 175 in file common\DeviceSupport\arm\cmsdk\Startup\arm\startup_CM
SDK_CM0.s
   Uses
      At line 84 in file common\DeviceSupport\arm\cmsdk\Startup\arm\startup_CMS
DK_CM0.s
      At line 153 in file common\DeviceSupport\arm\cmsdk\Startup\arm\startup_CM
SDK_CM0.s

PMWFAULT_IRQHandler 0000000E

Symbol: PMWFAULT_IRQHandler
   Definitions
      At line 158 in file common\DeviceSupport\arm\cmsdk\Startup\arm\startup_CM
SDK_CM0.s
   Uses
      At line 66 in file common\DeviceSupport\arm\cmsdk\Startup\arm\startup_CMS
DK_CM0.s
      At line 136 in file common\DeviceSupport\arm\cmsdk\Startup\arm\startup_CM
SDK_CM0.s

PWM_IRQHandler 0000000E

Symbol: PWM_IRQHandler
   Definitions
      At line 173 in file common\DeviceSupport\arm\cmsdk\Startup\arm\startup_CM
SDK_CM0.s
   Uses
      At line 82 in file common\DeviceSupport\arm\cmsdk\Startup\arm\startup_CMS
DK_CM0.s
      At line 151 in file common\DeviceSupport\arm\cmsdk\Startup\arm\startup_CM
SDK_CM0.s

PendSV_Handler 0000000A

Symbol: PendSV_Handler
   Definitions
      At line 126 in file common\DeviceSupport\arm\cmsdk\Startup\arm\startup_CM
SDK_CM0.s
   Uses
      At line 62 in file common\DeviceSupport\arm\cmsdk\Startup\arm\startup_CMS
DK_CM0.s
      At line 127 in file common\DeviceSupport\arm\cmsdk\Startup\arm\startup_CM
SDK_CM0.s

Reset_Handler 00000000

Symbol: Reset_Handler
   Definitions
      At line 105 in file common\DeviceSupport\arm\cmsdk\Startup\arm\startup_CM
SDK_CM0.s
   Uses
      At line 49 in file common\DeviceSupport\arm\cmsdk\Startup\arm\startup_CMS
DK_CM0.s
      At line 106 in file common\DeviceSupport\arm\cmsdk\Startup\arm\startup_CM
SDK_CM0.s

SPI_IRQHandler 0000000E



ARM Macro Assembler    Page 4 Alphabetic symbol ordering
Relocatable symbols


Symbol: SPI_IRQHandler
   Definitions
      At line 172 in file common\DeviceSupport\arm\cmsdk\Startup\arm\startup_CM
SDK_CM0.s
   Uses
      At line 81 in file common\DeviceSupport\arm\cmsdk\Startup\arm\startup_CMS
DK_CM0.s
      At line 150 in file common\DeviceSupport\arm\cmsdk\Startup\arm\startup_CM
SDK_CM0.s

SVC_Handler 00000008

Symbol: SVC_Handler
   Definitions
      At line 122 in file common\DeviceSupport\arm\cmsdk\Startup\arm\startup_CM
SDK_CM0.s
   Uses
      At line 59 in file common\DeviceSupport\arm\cmsdk\Startup\arm\startup_CMS
DK_CM0.s
      At line 123 in file common\DeviceSupport\arm\cmsdk\Startup\arm\startup_CM
SDK_CM0.s

SysTick_Handler 0000000C

Symbol: SysTick_Handler
   Definitions
      At line 130 in file common\DeviceSupport\arm\cmsdk\Startup\arm\startup_CM
SDK_CM0.s
   Uses
      At line 63 in file common\DeviceSupport\arm\cmsdk\Startup\arm\startup_CMS
DK_CM0.s
      At line 131 in file common\DeviceSupport\arm\cmsdk\Startup\arm\startup_CM
SDK_CM0.s

TIM0_IRQHandler 0000000E

Symbol: TIM0_IRQHandler
   Definitions
      At line 160 in file common\DeviceSupport\arm\cmsdk\Startup\arm\startup_CM
SDK_CM0.s
   Uses
      At line 68 in file common\DeviceSupport\arm\cmsdk\Startup\arm\startup_CMS
DK_CM0.s
      At line 138 in file common\DeviceSupport\arm\cmsdk\Startup\arm\startup_CM
SDK_CM0.s

TIM1_IRQHandler 0000000E

Symbol: TIM1_IRQHandler
   Definitions
      At line 161 in file common\DeviceSupport\arm\cmsdk\Startup\arm\startup_CM
SDK_CM0.s
   Uses
      At line 69 in file common\DeviceSupport\arm\cmsdk\Startup\arm\startup_CMS
DK_CM0.s
      At line 139 in file common\DeviceSupport\arm\cmsdk\Startup\arm\startup_CM
SDK_CM0.s




ARM Macro Assembler    Page 5 Alphabetic symbol ordering
Relocatable symbols

TIM2_IRQHandler 0000000E

Symbol: TIM2_IRQHandler
   Definitions
      At line 176 in file common\DeviceSupport\arm\cmsdk\Startup\arm\startup_CM
SDK_CM0.s
   Uses
      At line 87 in file common\DeviceSupport\arm\cmsdk\Startup\arm\startup_CMS
DK_CM0.s
      At line 154 in file common\DeviceSupport\arm\cmsdk\Startup\arm\startup_CM
SDK_CM0.s

TIM3_IRQHandler 0000000E

Symbol: TIM3_IRQHandler
   Definitions
      At line 177 in file common\DeviceSupport\arm\cmsdk\Startup\arm\startup_CM
SDK_CM0.s
   Uses
      At line 88 in file common\DeviceSupport\arm\cmsdk\Startup\arm\startup_CMS
DK_CM0.s
      At line 155 in file common\DeviceSupport\arm\cmsdk\Startup\arm\startup_CM
SDK_CM0.s

TIM6_IRQHandler 0000000E

Symbol: TIM6_IRQHandler
   Definitions
      At line 162 in file common\DeviceSupport\arm\cmsdk\Startup\arm\startup_CM
SDK_CM0.s
   Uses
      At line 70 in file common\DeviceSupport\arm\cmsdk\Startup\arm\startup_CMS
DK_CM0.s
      At line 140 in file common\DeviceSupport\arm\cmsdk\Startup\arm\startup_CM
SDK_CM0.s

TIM7_IRQHandler 0000000E

Symbol: TIM7_IRQHandler
   Definitions
      At line 163 in file common\DeviceSupport\arm\cmsdk\Startup\arm\startup_CM
SDK_CM0.s
   Uses
      At line 71 in file common\DeviceSupport\arm\cmsdk\Startup\arm\startup_CMS
DK_CM0.s
      At line 141 in file common\DeviceSupport\arm\cmsdk\Startup\arm\startup_CM
SDK_CM0.s

TOUCH_IRQHandler 0000000E

Symbol: TOUCH_IRQHandler
   Definitions
      At line 174 in file common\DeviceSupport\arm\cmsdk\Startup\arm\startup_CM
SDK_CM0.s
   Uses
      At line 83 in file common\DeviceSupport\arm\cmsdk\Startup\arm\startup_CMS
DK_CM0.s
      At line 152 in file common\DeviceSupport\arm\cmsdk\Startup\arm\startup_CM
SDK_CM0.s



ARM Macro Assembler    Page 6 Alphabetic symbol ordering
Relocatable symbols


UART0_IRQHandler 0000000E

Symbol: UART0_IRQHandler
   Definitions
      At line 164 in file common\DeviceSupport\arm\cmsdk\Startup\arm\startup_CM
SDK_CM0.s
   Uses
      At line 72 in file common\DeviceSupport\arm\cmsdk\Startup\arm\startup_CMS
DK_CM0.s
      At line 142 in file common\DeviceSupport\arm\cmsdk\Startup\arm\startup_CM
SDK_CM0.s

UART1_IRQHandler 0000000E

Symbol: UART1_IRQHandler
   Definitions
      At line 165 in file common\DeviceSupport\arm\cmsdk\Startup\arm\startup_CM
SDK_CM0.s
   Uses
      At line 73 in file common\DeviceSupport\arm\cmsdk\Startup\arm\startup_CMS
DK_CM0.s
      At line 143 in file common\DeviceSupport\arm\cmsdk\Startup\arm\startup_CM
SDK_CM0.s

WDT_IRQHandler 0000000E

Symbol: WDT_IRQHandler
   Definitions
      At line 167 in file common\DeviceSupport\arm\cmsdk\Startup\arm\startup_CM
SDK_CM0.s
   Uses
      At line 75 in file common\DeviceSupport\arm\cmsdk\Startup\arm\startup_CMS
DK_CM0.s
      At line 145 in file common\DeviceSupport\arm\cmsdk\Startup\arm\startup_CM
SDK_CM0.s

__user_initial_stackheap 00000010

Symbol: __user_initial_stackheap
   Definitions
      At line 196 in file common\DeviceSupport\arm\cmsdk\Startup\arm\startup_CM
SDK_CM0.s
   Uses
      At line 195 in file common\DeviceSupport\arm\cmsdk\Startup\arm\startup_CM
SDK_CM0.s
Comment: __user_initial_stackheap used once
29 symbols



ARM Macro Assembler    Page 1 Alphabetic symbol ordering
Absolute symbols

Heap_Size 00000100

Symbol: Heap_Size
   Definitions
      At line 29 in file common\DeviceSupport\arm\cmsdk\Startup\arm\startup_CMS
DK_CM0.s
   Uses
      At line 33 in file common\DeviceSupport\arm\cmsdk\Startup\arm\startup_CMS
DK_CM0.s
      At line 200 in file common\DeviceSupport\arm\cmsdk\Startup\arm\startup_CM
SDK_CM0.s

Stack_Size 00000200

Symbol: Stack_Size
   Definitions
      At line 18 in file common\DeviceSupport\arm\cmsdk\Startup\arm\startup_CMS
DK_CM0.s
   Uses
      At line 21 in file common\DeviceSupport\arm\cmsdk\Startup\arm\startup_CMS
DK_CM0.s
      At line 199 in file common\DeviceSupport\arm\cmsdk\Startup\arm\startup_CM
SDK_CM0.s

__Vectors_Size 000000C0

Symbol: __Vectors_Size
   Definitions
      At line 100 in file common\DeviceSupport\arm\cmsdk\Startup\arm\startup_CM
SDK_CM0.s
   Uses
      At line 46 in file common\DeviceSupport\arm\cmsdk\Startup\arm\startup_CMS
DK_CM0.s
Comment: __Vectors_Size used once
3 symbols



ARM Macro Assembler    Page 1 Alphabetic symbol ordering
External symbols

__main 00000000

Symbol: __main
   Definitions
      At line 107 in file common\DeviceSupport\arm\cmsdk\Startup\arm\startup_CM
SDK_CM0.s
   Uses
      At line 108 in file common\DeviceSupport\arm\cmsdk\Startup\arm\startup_CM
SDK_CM0.s
Comment: __main used once
__use_two_region_memory 00000000

Symbol: __use_two_region_memory
   Definitions
      At line 194 in file common\DeviceSupport\arm\cmsdk\Startup\arm\startup_CM
SDK_CM0.s
   Uses
      None
Comment: __use_two_region_memory unused
2 symbols
379 symbols in table
